print 1234
  1234
.compile
  Compiling...
  0 bytes
.rr
  Opening Project  opac-sensor
  project reloaded
.compile
  Compiling...
  0 bytes
.compile
  Compiling...
  1330 bytes
.download
  1330 bytes
ul-power
dp8output
dp8on
dp8off
dp8on
dp8off
dp8on
dp8off
dp8on
dp8off
dp8on
dp8off
readADC6
  readADC6 undefined
readADC 6
  you don't say what to do with readADC
print readADC 6
  1484
print readADC 6
  1207
print readADC 5
  1951
print readADC 5
  1951
dp8on
dp8on
dp8output
print readADC 5
  2657
print readADC 5
  2848
print readADC 5
  2848
print readADC 5
  2901
dp8off
print readADC 5
  2048
print readADC 5
  2096
print readADC 5
  2109
dp8on
print readADC 5
  2700
print readADC 5
  2797
print readADC 5
  2835
print readADC 5
  2833
print readADC 5
  2736
print readADC 5
  2832
.compile
  Compiling...
  1342 bytes
.download
  1342 bytes
.compile
  Compiling...
  1354 bytes
.download
  1354 bytes
ul-power
ul-init
.compile
  Compiling...
  1366 bytes
.download
  1366 bytes
ul-power
ul-init
laser-on
laser-0ff
  laser-0ff undefined
laser-off
.compile
  Compiling...
  dp8outputul undefined in ul-init
.compile
  Compiling...
  laser-on undefined in ul-go
.compile
  Compiling...
  laseron undefined in ul-go
.compile
  Compiling...
  read-optical-sensor undefined in ul-go
.compile
  Compiling...
  end undefined in ul-go
.compile
  Compiling...
  1413 bytes
.download
  1413 bytes
ul-power
ul-init
ul-go
  2713
  2839
  2880
  2880
  2849
  2864
  2880
  2855
  2855
  2865
  2295
  2211
  2177
  2185
  2241
  2205
  2200
  2211
  2205
  2204
  2816
  2864
  2880
  2855
  2865
  2880
  2851
  2835
  2839
  2881
  2343
  2211
  2205
  2205
  2201
  2185
  2188
  2205
  2199
  2177
  2832
  2864
  2860
  2860
  2896
  2801
  2880
  2857
  2865
  2848
  2272
  2193
  2193
  2191
  2201
  2193
  2204
  2188
  2188
  2165
  2817
  2825
  2789
  2855
  2880
  2865
  2796
  2865
  2867
  2865
  2305
  2225
  2215
  2217
  2217
  2233
  2192
  2224
  2193
  2221
  2829
  2869
  2865
  2855
  2865
  2883
  2855
  2865
  2880
  2867
  2301
  2221
  2225
  2231
  2215
  2220
  2224
  2221
  2220
  2133
  2775
  2848
  2880
  2913
  2960
  2880
  2855
  2885
  2864
  2863
  2313
  2237
  2221
  2201
  2227
  2215
  2224
  2211
  2225
  2215
  2755
  2869
  2864
  2816
  2865
  2857
  2861
  2855
  2869
  2880
  2311
  2207
  2227
  2199
  2207
  2211
  2220
  2223
  2224
  2227
  2841
  2881
  2880
  2864
  2855
  2864
  2864
  2880
  2851
  2848
  2301
  2220
  2224
  2215
  2217
  2215
  2209
  2217
  2220
  2179
  2817
  2853
  2993
  2896
  2944
  2791
  2849
  2933
  2909
  2911
  2289
  2211
  2193
  2201
  2191
  2211
  2227
  2201
  2215
  2235
  2825
  2855
  2855
  2880
  2871
  2853
  2855
  2880
  2857
  2865
  2289
  2156
  2113
  2151
  2160
  2145
  2183
  2183
  2183
  2188
.compile
  Can't open file ./opac-sensor.txti3- in source-string
.compile
  Can't open file ./opac-sensor.txti3- in source-string
.compile
  Compiling...
  1440 bytes
.download
  1440 bytes
.compile
  Compiling...
  1449 bytes
.download
  1449 bytes
ul-power
ul-int
  ul-int undefined
ul-init
ul-go
.rr
  Opening Project  opac-sensor
  project reloaded
.run-once
.rr
  Opening Project  opac-sensor
  project reloaded
.run-once
  master-packet has no value in receive-packet
.rr
  Opening Project  opac-sensor
  project reloaded
.run-once
  T20 1482270483 05134 65535 00698 08161 [34m 00003 02864 02981 02993 [37m 42703
  I don't know how to process-data-packet in receive-packet
.rr
  Opening Project  opac-sensor
  project reloaded
.run-once
  T20 1482270678 05134 65535 00718 02647 [34m 00003 02144 02305 02279 [37m 50307
  T20 1482270680 05134 65535 00718 07563 [34m 00003 02743 02992 03001 [37m 43383
  T20 1482270682 05134 65535 00718 09567 [34m 00003 02848 02961 02988 [37m 41318
  T20 1482270684 05134 65535 00719 01571 [34m 00003 02848 02977 02992 [37m 49293
  T20 1482270689 05134 65535 00719 07583 [34m 00003 02817 03063 03105 [37m 43113
  T20 1482270691 05134 65535 00719 09587 [34m 00003 02864 02995 03017 [37m 41218
  T20 1482270693 05134 65535 00720 01591 [34m 00003 02880 03000 03041 [37m 49168
  T20 1482270695 05134 65535 00720 03595 [34m 00003 02901 03039 03041 [37m 47104
  T20 1482270698 05134 65535 00720 05599 [34m 00003 03008 03037 03073 [37m 44963
  T20 1482270700 05134 65535 00720 07603 [34m 00003 02199 02273 02353 [37m 45252
  T20 1482270702 05134 65535 00720 09607 [34m 00003 02137 02329 02303 [37m 43304
  T20 1482270704 05134 65535 00721 01611 [34m 00003 02115 02300 02375 [37m 51278
  T20 1482270706 05134 65535 00721 03615 [34m 00003 02129 02391 02355 [37m 49189
  T20 1482270711 05134 65535 00721 09627 [34m 00003 02133 02305 02263 [37m 43351
  T20 1482270713 05134 65535 00722 01631 [34m 00003 02115 02343 02319 [37m 51270
  T20 1482270715 05134 65535 00722 03635 [34m 00003 02125 02303 02375 [37m 49240
  T20 1482270717 05134 65535 00722 05639 [34m 00003 02132 02305 02275 [37m 47327
  T20 1482270720 05134 65535 00722 07643 [34m 00003 02816 02921 03057 [37m 43241
  T20 1482270722 05134 65535 00722 09647 [34m 00003 02809 03048 03079 [37m 41095
  T20 1482270724 05134 65535 00723 01651 [34m 00003 02848 02967 02985 [37m 49226
.rr
  Opening Project  opac-sensor
  project reloaded
.run-once
  T20 1482270802 05134 65535 00730 07803 [34m 00003 02801 03037 03075 [37m 42954
  02801
  03037
  03075
  T20 1482270804 05134 65535 00731 01867 [34m 00003 02809 03052 03080 [37m 48861
  02801 02809
  03037 03052
  03075 03080
  T20 1482270806 05134 65535 00731 03871 [34m 00003 02823 02945 02992 [37m 47038
  02801 02809 02823
  03037 03052 02945
  03075 03080 02992
  T20 1482270811 05134 65535 00731 09883 [34m 00003 02851 02929 03075 [37m 40931
  02801 02809 02823 02851
  03037 03052 02945 02929
  03075 03080 02992 03075
  T20 1482270813 05134 65535 00732 01887 [34m 00003 02857 02977 03011 [37m 48936
  02801 02809 02823 02851 02857
  03037 03052 02945 02929 02977
  03075 03080 02992 03075 03011
  T20 1482270815 05134 65535 00732 03891 [34m 00003 02880 03016 03040 [37m 46841
  02801 02809 02823 02851 02857 02880
  03037 03052 02945 02929 02977 03016
  03075 03080 02992 03075 03011 03040
  T20 1482270818 05134 65535 00732 05895 [34m 00003 02857 03000 03029 [37m 44887
  02801 02809 02823 02851 02857 02880 02857
  03037 03052 02945 02929 02977 03016 03000
  03075 03080 02992 03075 03011 03040 03029
  T20 1482270820 05134 65535 00732 07899 [34m 00003 02848 02959 02992 [37m 42970
  02801 02809 02823 02851 02857 02880 02857 02848
  03037 03052 02945 02929 02977 03016 03000 02959
  03075 03080 02992 03075 03011 03040 03029 02992
..
  stopped.
..
  stopped.
.rr
  Opening Project  opac-sensor
  project reloaded
.run-once
  T20 1482270879 05134 65535 00738 04011 [34m 00003 02135 02320 02289 [37m 48907
  2248
  T20 1482270881 05134 65535 00738 08555 [34m 00003 02791 03047 03089 [37m 42180
  + doesn't like 02135 02791 as input in process-data-packet
..
  stopped.
.run-once
  T20 1482270901 05134 65535 00740 06591 [34m 00003 02855 02977 02992 [37m 44245
  2941.3333333333335
  T20 1482270903 05134 65535 00741 01097 [34m 00003 02777 03011 03049 [37m 49725
  + doesn't like 02855 02777 as input in process-data-packet
.rr
  Opening Project  opac-sensor
  project reloaded
.run-once
  T20 1482270929 05134 65535 00743 05145 [34m 00003 02145 02352 02343 [37m 47672
  0
  T20 1482270931 05134 65535 00743 09133 [34m 00003 02761 02992 03024 [37m 41747
  + doesn't like 02352 02992 as input in process-data-packet
.r
  I don't know how to r
.rr
  Opening Project  opac-sensor
  project reloaded
.r
  I don't know how to r
.run-once
  T20 1482270961 05134 65535 00746 07189 [34m 00003 02125 02309 02295 [37m 45736
  2243
  T20 1482270963 05134 65535 00747 00830 [34m 00003 02769 02999 03024 [37m 50031
  2930.6666666666665
  T20 1482270965 05134 65535 00747 02834 [34m 00003 02857 03024 03049 [37m 47889
  2976.6666666666665
  T20 1482270972 05134 65535 00748 00850 [34m 00003 02853 02976 02983 [37m 49990
  2937.3333333333335
  T20 1482270974 05134 65535 00748 02854 [34m 00003 02833 02951 02961 [37m 48053
  2915
  T20 1482270976 05134 65535 00748 04858 [34m 00003 02896 03024 03047 [37m 45827
  2989
  T20 1482270979 05134 65535 00748 06862 [34m 00003 02805 03040 03077 [37m 43868
  2974
  T20 1482270981 05134 65535 00748 08866 [34m 00003 02849 02979 03001 [37m 41957
  2943
  T20 1482270983 05134 65535 00749 00870 [34m 00003 02220 02320 02300 [37m 51941
  2280
  T20 1482270985 05134 65535 00749 02874 [34m 00003 02124 02297 02480 [37m 49876
  2300.3333333333335
  T20 1482270987 05134 65535 00749 04878 [34m 00003 02165 02371 02373 [37m 47864
  2303
  T20 1482270989 05134 65535 00749 06882 [34m 00003 02133 02337 02329 [37m 45970
  2266.3333333333335
  T20 1482270994 05134 65535 00750 02894 [34m 00003 02133 02327 02317 [37m 49979
  2259
  T20 1482270996 05134 65535 00750 04898 [34m 00003 02149 02343 02337 [37m 47923
  2276.3333333333335
  T20 1482270998 05134 65535 00750 06902 [34m 00003 02175 02396 02343 [37m 45834
  2304.6666666666665
  T20 1482271000 05134 65535 00750 08906 [34m 00003 02160 02380 02375 [37m 43829
  2305
  T20 1482271003 05134 65535 00751 00910 [34m 00003 02800 03044 03072 [37m 49823
  2972
  T20 1482271005 05134 65535 00751 02914 [34m 00003 02848 02976 03033 [37m 47878
  2952.3333333333335
  T20 1482271007 05134 65535 00751 04918 [34m 00003 02833 03044 03072 [37m 45782
  2983
  T20 1482271009 05134 65535 00751 06922 [34m 00003 02915 03137 03063 [37m 43612
  3038.3333333333335
.r
  I don't know how to r
.rr
  Opening Project  opac-sensor
  project reloaded
.run-once
  T20 1482271134 05134 65535 00763 09166 [34m 00003 02833 02977 03008 [37m 41653
  2939.3333333333335
  T20 1482271136 05134 65535 00764 04045 [34m 00003 02769 03009 03037 [37m 46776
  2939.3333333333335 2938.3333333333335
  T20 1482271138 05134 65535 00764 06049 [34m 00003 02841 02985 03025 [37m 44736
  2939.3333333333335 2938.3333333333335 2950.3333333333335
  T20 1482271145 05134 65535 00765 04065 [34m 00003 02865 03008 03024 [37m 46673
  2939.3333333333335 2938.3333333333335 2950.3333333333335 2965.6666666666665
  T20 1482271147 05134 65535 00765 06069 [34m 00003 02849 02976 03001 [37m 44740
  2939.3333333333335 2938.3333333333335 2950.3333333333335 2965.6666666666665 2942
  T20 1482271149 05134 65535 00765 08073 [34m 00003 02841 02983 03029 [37m 42709
  2939.3333333333335 2938.3333333333335 2950.3333333333335 2965.6666666666665 2942 2951
  T20 1482271152 05134 65535 00766 00077 [34m 00003 02848 03008 03024 [37m 50677
  2939.3333333333335 2938.3333333333335 2950.3333333333335 2965.6666666666665 2942 2951 2960
  T20 1482271154 05134 65535 00766 02081 [34m 00003 02743 02981 02981 [37m 48848
  2939.3333333333335 2938.3333333333335 2950.3333333333335 2965.6666666666665 2942 2951 2960 2901.6666666666665
..
  stopped.
.rr
  Opening Project  opac-sensor
  project reloaded
.run-once
  T20 1482271181 05134 65535 00768 06129 [34m 00003 02880 03008 03024 [37m 44591
  2970.6666666666665
  time-light has no value in process-data-packet
.rr
  Opening Project  opac-sensor
  project reloaded
.run-once
  T20 1482271194 05134 65535 00770 01000 [34m 00003 02839 02967 02995 [37m 49829
  2933.6666666666665
  4
  T20 1482271197 05134 65535 00770 04612 [34m 00003 02817 02951 02967 [37m 46283
  2933.6666666666665 2911.6666666666665
  4 6
  T20 1482271199 05134 65535 00770 06616 [34m 00003 02864 02992 03008 [37m 44150
  2933.6666666666665 2911.6666666666665 2954.6666666666665
  4 6 8
  T20 1482271201 05134 65535 00770 08620 [34m 00003 02848 03025 03011 [37m 42126
  2933.6666666666665 2911.6666666666665 2954.6666666666665 2961.3333333333335
  4 6 8 10
  T20 1482271206 05134 65535 00771 04632 [34m 00003 02823 02976 02985 [37m 46213
  2933.6666666666665 2911.6666666666665 2954.6666666666665 2961.3333333333335 2928
  4 6 8 10 15
..
  stopped.
.rr
  Opening Project  opac-sensor
  project reloaded
.rr
  Opening Project  opac-sensor
  project reloaded
.run-once
  T20 1482271272 05134 65535 00777 08760 [34m 00003 02156 02353 02337 [37m 44017
  nth doesn't like 0 as input in select-data
.rr
  Opening Project  opac-sensor
  project reloaded
.run-once
  T20 1482271309 05134 65535 00781 04410 [34m 00003 02143 02353 02337 [37m 48376
  > doesn't like  as input in process-data-packet
.rr
  Opening Project  opac-sensor
  project reloaded
.run-once
  T20 1482271341 05134 65535 00784 07333 [34m 00003 02145 02332 02307 [37m 45499
  T20 1482271343 05134 65535 00785 00917 [34m 00003 02777 03009 03031 [37m 49881
  T20 1482271345 05134 65535 00785 02921 [34m 00003 02848 02969 02992 [37m 47885
  T20 1482271347 05134 65535 00785 04925 [34m 00003 02839 02967 02983 [37m 45901
  T20 1482271352 05134 65535 00786 00937 [34m 00003 02841 02993 03015 [37m 49828
  T20 1482271354 05134 65535 00786 02941 [34m 00003 02855 02989 03009 [37m 47820
  T20 1482271356 05134 65535 00786 04945 [34m 00003 02817 02929 03064 [37m 45859
  T20 1482271358 05134 65535 00786 06949 [34m 00003 02857 02976 02988 [37m 43844
  T20 1482271360 05134 65535 00786 08953 [34m 00003 02853 02985 03008 [37m 41815
  T20 1482271362 05134 65535 00787 00957 [34m 00003 02207 02268 02349 [37m 51832
  T20 1482271365 05134 65535 00787 02961 [34m 00003 02135 02327 02304 [37m 49886
.run-once.rr
  busy
  T20 1482271367 05134 65535 00787 04965 [34m 00003 02097 02289 02353 [37m 47909
.rr..
  busy
.rr
  busy
  T20 1482271369 05134 65535 00787 06969 [34m 00003 02141 02329 02304 [37m 45870
..
  stopped.
.rr
  Opening Project  opac-sensor
  project reloaded
.rr
  Opening Project  opac-sensor
  project reloaded
.run-once.rr
  I don't know how to run-once.rr
.run-once
  T20 1482271381 05134 65535 00788 06989 [34m 00003 02141 02337 02321 [37m 45824
  T20 1482271383 05134 65535 00789 01161 [34m 00003 02768 02993 03008 [37m 49681
  T20 1482271385 05134 65535 00789 03165 [34m 00003 02817 02947 02976 [37m 47706
  T20 1482271390 05134 65535 00789 09177 [34m 00003 02823 02937 03077 [37m 41597
  T20 1482271392 05134 65535 00790 01181 [34m 00003 02864 02983 02989 [37m 49593
  T20 1482271394 05134 65535 00790 03185 [34m 00003 02896 03045 03075 [37m 47409
  T20 1482271396 05134 65535 00790 05189 [34m 00003 02960 02977 02997 [37m 45487
  T20 1482271399 05134 65535 00790 07193 [34m 00003 02855 02977 02993 [37m 43592
  T20 1482271401 05134 65535 00790 09197 [34m 00003 02849 02976 03013 [37m 41575
  T20 1482271403 05134 65535 00791 01201 [34m 00003 02204 02289 02384 [37m 51531
  T20 1482271405 05134 65535 00791 03205 [34m 00003 02145 02336 02316 [37m 49607
  T20 1482271407 05134 65535 00791 05209 [34m 00003 02133 02323 02275 [37m 47669
  T20 1482271412 05134 65535 00792 01221 [34m 00003 02165 02297 02401 [37m 51524
  T20 1482271414 05134 65535 00792 03225 [34m 00003 02145 02333 02311 [37m 49594
  T20 1482271416 05134 65535 00792 05229 [34m 00003 02140 02288 02373 [37m 47578
  T20 1482271418 05134 65535 00792 07233 [34m 00003 02127 02332 02319 [37m 45597
  T20 1482271421 05134 65535 00792 09237 [34m 00003 02140 02335 02317 [37m 43579
  T20 1482271423 05134 65535 00793 01241 [34m 00003 02913 03053 03091 [37m 49309
  T20 1482271425 05134 65535 00793 03245 [34m 00003 02768 03008 03025 [37m 47561
  T20 1482271427 05134 65535 00793 05249 [34m 00003 02848 02981 03008 [37m 45521
.rr
  Opening Project  opac-sensor
  project reloaded
.run-once
  T20 1482271437 05134 65535 00794 03265 [34m 00003 02803 03029 03060 [37m 47449
  1
  T20 1482271439 05134 65535 00794 07251 [34m 00003 02816 02944 02957 [37m 43638
  2
  T20 1482271441 05134 65535 00794 09255 [34m 00003 02848 02977 03011 [37m 41515
  3
  T20 1482271443 05134 65535 00795 01259 [34m 00003 02864 03009 02960 [37m 49513
  4
  T20 1482271450 05134 65535 00795 07271 [34m 00003 02896 03015 03040 [37m 43383
  5
  T20 1482271454 05134 65535 00796 03283 [34m 00003 02765 02993 03009 [37m 47554
  6
  T20 1482271458 05134 65535 00796 07291 [34m 00003 02207 02279 02339 [37m 45488
  7
  T20 1482271463 05134 65535 00797 01299 [34m 00003 02160 02336 02319 [37m 51489
  8
  T20 1482271467 05134 65535 00797 05307 [34m 00003 02135 02323 02301 [37m 47537
  9
  T20 1482271471 05134 65535 00797 09315 [34m 00003 02127 02227 02321 [37m 43613
  10
  T20 1482271476 05134 65535 00798 03323 [34m 00003 02151 02332 02311 [37m 49485
  11
  T20 1482271480 05134 65535 00798 09335 [34m 00003 02848 02981 03001 [37m 41437
  12
  T20 1482271484 05134 65535 00799 03343 [34m 00003 02828 02976 02992 [37m 47462
  13
  T20 1482271489 05134 65535 00799 07351 [34m 00003 02857 02985 03008 [37m 43400
  14
  T20 1482271493 05134 65535 00800 01359 [34m 00003 02849 02976 02985 [37m 49431
  15
  T20 1482271498 05134 65535 00800 05367 [34m 00003 02803 03041 03073 [37m 45316
  16
  T20 1482271502 05134 65535 00801 01379 [34m 00003 02133 02339 02329 [37m 51419
  17
  T20 1482271507 05134 65535 00801 05387 [34m 00003 02144 02352 02343 [37m 47373
  18
  T20 1482271511 05134 65535 00801 09395 [34m 00003 02137 02337 02321 [37m 43409
  19
  T20 1482271515 05134 65535 00802 03403 [34m 00003 02144 02337 02321 [37m 49393
  20
.run-once
  T20 1482271545 05134 65535 00805 01459 [34m 00003 02151 02332 02327 [37m 51326
  1
  T20 1482271548 05134 65535 00805 05877 [34m 00003 02781 03031 03061 [37m 44845
  2
  T20 1482271550 05134 65535 00805 07881 [34m 00003 02849 02967 02992 [37m 42906
  3
  T20 1482271557 05134 65535 00806 05897 [34m 00003 02864 02977 03001 [37m 44855
  4
  T20 1482271561 05134 65535 00806 09905 [34m 00003 02848 02976 02995 [37m 40870
  5
  T20 1482271565 05134 65535 00807 03913 [34m 00003 02880 03008 03040 [37m 46752
  6
  T20 1482271570 05134 65535 00807 07921 [34m 00003 02144 02307 02323 [37m 44898
  7
  T20 1482271574 05134 65535 00808 01929 [34m 00003 02145 02359 02343 [37m 50816
  8
  T20 1482271579 05134 65535 00808 07941 [34m 00003 02149 02361 02352 [37m 44789
  9
  T20 1482271583 05134 65535 00809 01949 [34m 00003 02161 02368 02361 [37m 50752
  10
  T20 1482271587 05134 65535 00809 05957 [34m 00003 02841 02961 02983 [37m 44849
  11
  T20 1482271592 05134 65535 00809 09965 [34m 00003 02864 02992 03013 [37m 40757
  12
  T20 1482271596 05134 65535 00810 03973 [34m 00003 02849 02976 02992 [37m 46800
  13
  T20 1482271601 05134 65535 00810 09985 [34m 00003 02849 02984 03031 [37m 40741
  14
  T20 1482271605 05134 65535 00811 03993 [34m 00003 02848 02976 02993 [37m 46779
  15
  T20 1482271609 05134 65535 00811 08001 [34m 00003 02105 02327 02325 [37m 44831
  16
  T20 1482271614 05134 65535 00812 02009 [34m 00003 02151 02348 02329 [37m 50751
  17
  T20 1482271618 05134 65535 00812 06017 [34m 00003 02161 02368 02361 [37m 46681
  18
  T20 1482271622 05134 65535 00813 02029 [34m 00003 02153 02369 02375 [37m 50661
  19
  T20 1482271627 05134 65535 00813 06037 [34m 00003 02833 02976 02985 [37m 44756
  20
.compile
  Compiling...
  1442 bytes
.downlod
  I don't know how to downlod
.download
  1442 bytes
..run-once
  I don't know how to .run-once
.run-once
  T20 1482271686 05134 65535 00818 00125 [34m 00003 02855 02985 03008 [37m 50609
  1
  T20 1482271688 05134 65535 00819 06097 [34m 00003 02711 02961 02979 [37m 44833
  2
  T20 1482271690 05134 65535 00819 08101 [34m 00003 02855 02992 03041 [37m 42592
  3
  T20 1482271695 05134 65535 00820 02109 [34m 00003 02848 02961 02985 [37m 48677
  4
...
  busy
..
  stopped.
.rr
  Opening Project  opac-sensor
  project reloaded
.run-once
  T20 1482271704 05134 65535 00821 00125 [34m 00003 02833 02965 02992 [37m 50664
  T20 1482271707 05134 65535 00821 04910 [34m 00003 02793 03027 03056 [37m 45793
  T20 1482271711 05134 65535 00821 08918 [34m 00003 02880 02999 03041 [37m 41741
  T20 1482271715 05134 65535 00822 02926 [34m 00003 02897 03024 03104 [37m 47627
  T20 1482271720 05134 65535 00822 08938 [34m 00003 02855 02953 02961 [37m 41871
  T20 1482271724 05134 65535 00823 02946 [34m 00003 02833 02960 02969 [37m 47869
  T20 1482271728 05134 65535 00823 06954 [34m 00003 02151 02369 02375 [37m 45728
  T20 1482271733 05134 65535 00824 00962 [34m 00003 02151 02359 02361 [37m 51743
  T20 1482271737 05134 65535 00824 04970 [34m 00003 02173 02384 02380 [37m 47669
  T20 1482271742 05134 65535 00825 00982 [34m 00003 02151 02369 02368 [37m 51705
  T20 1482271746 05134 65535 00825 02986 [34m 00003 02156 02352 02305 [37m 49776
.run-once
  busy
.rr
  busy
..
  stopped.
.run-once
  T20 1482272141 05134 65535 00865 01006 [34m 00003 02769 02999 03031 [37m 49730
  T20 1482272143 05134 65535 00865 03010 [34m 00003 02851 02976 02992 [37m 47706
  T20 1482272148 05134 65535 00865 07018 [34m 00003 02855 02983 03073 [37m 43606
  T20 1482272152 05134 65535 00866 01026 [34m 00003 02841 02979 03009 [37m 49679
  T20 1482272156 05134 65535 00866 05034 [34m 00003 02849 02992 03024 [37m 45635
  T20 1482272161 05134 65535 00866 09042 [34m 00003 02913 03065 03107 [37m 41407
  T20 1482272165 05134 65535 00867 05054 [34m 00003 02131 02337 02293 [37m 47718
  T20 1482272169 05134 65535 00867 09062 [34m 00003 02137 02328 02300 [37m 43706
  T20 1482272174 05134 65535 00868 03070 [34m 00003 02117 02317 02295 [37m 49733
  T20 1482272178 05134 65535 00868 07078 [34m 00003 02128 02305 02279 [37m 45742
  T20 1482272183 05134 65535 00868 09082 [34m 00003 02124 02305 02279 [37m 43742
  xxx
  wl error
  nth doesn't like 0 as input in retrieve-packet
